\BOOKMARK [0][-]{chapter.1}{Les propi\351t\351s physiques}{}% 1
\BOOKMARK [1][-]{section.1.1}{Analyse Dimensionnelle}{chapter.1}% 2
\BOOKMARK [2][-]{subsection.1.1.1}{Propri\351t\351 physique de bases}{section.1.1}% 3
\BOOKMARK [2][-]{subsection.1.1.2}{Les propri\351t\351s physiques d\351riv\351s}{section.1.1}% 4
\BOOKMARK [2][-]{subsection.1.1.3}{Calcul / Analyse Dimensionnel}{section.1.1}% 5
\BOOKMARK [1][-]{section.1.2}{Mesures - Incertidude - Calcul des variations}{chapter.1}% 6
\BOOKMARK [2][-]{subsection.1.2.1}{Calcul d'incertitudes}{section.1.2}% 7
\BOOKMARK [2][-]{subsection.1.2.2}{Calcul de variations}{section.1.2}% 8
\BOOKMARK [0][-]{chapter.2}{Statique du Solide}{}% 9
\BOOKMARK [1][-]{section.2.1}{Quelques forces}{chapter.2}% 10
\BOOKMARK [1][-]{section.2.2}{Rappels sur les vecturs}{chapter.2}% 11
\BOOKMARK [2][-]{subsection.2.2.1}{Produit Scalaire}{section.2.2}% 12
\BOOKMARK [2][-]{subsection.2.2.2}{Produit Vectorielle}{section.2.2}% 13
\BOOKMARK [1][-]{section.2.3}{Lois de la statique}{chapter.2}% 14
\BOOKMARK [0][-]{chapter.3}{Cin\351matique du point mat\351riel}{}% 15
\BOOKMARK [1][-]{section.3.1}{Trajectoire rectiligne}{chapter.3}% 16
\BOOKMARK [1][-]{section.3.2}{La vitesse}{chapter.3}% 17
\BOOKMARK [1][-]{section.3.3}{Vitesse instantan\351e}{chapter.3}% 18
\BOOKMARK [1][-]{section.3.4}{Acc\351l\351ration}{chapter.3}% 19
\BOOKMARK [1][-]{section.3.5}{En 2D ou 3D}{chapter.3}% 20
\BOOKMARK [1][-]{section.3.6}{vecteur acc\351l\351ration}{chapter.3}% 21
\BOOKMARK [1][-]{section.3.7}{Dynamique du point mat\351riel}{chapter.3}% 22
\BOOKMARK [1][-]{section.3.8}{1ere loi de Newton \(1686-87\): mat\351riels}{chapter.3}% 23
\BOOKMARK [1][-]{section.3.9}{2eme loi de Newton}{chapter.3}% 24
\BOOKMARK [1][-]{section.3.10}{R\351solution d'un probl\350me de dynamique}{chapter.3}% 25
\BOOKMARK [2][-]{subsection.3.10.1}{Chute d'un corps pr\350s de la surface de la terre}{section.3.10}% 26
\BOOKMARK [2][-]{subsection.3.10.2}{Chute d'un corps dans un fluide}{section.3.10}% 27
\BOOKMARK [2][-]{subsection.3.10.3}{Lanc\351 oblique d'un projectile}{section.3.10}% 28
\BOOKMARK [2][-]{subsection.3.10.4}{Oscillateurs harmoniques}{section.3.10}% 29
\BOOKMARK [2][-]{subsection.3.10.5}{Chute d'une masse m solide dans un liquide visqueux, avec une vitesse initial v0.}{section.3.10}% 30
\BOOKMARK [0][-]{chapter.4}{Energies}{}% 31
\BOOKMARK [1][-]{section.4.1}{Energies m\351caniques}{chapter.4}% 32
\BOOKMARK [1][-]{section.4.2}{Travail d'une force}{chapter.4}% 33
\BOOKMARK [1][-]{section.4.3}{Th\351or\350me de l'\351nergie cin\351tique}{chapter.4}% 34
\BOOKMARK [1][-]{section.4.4}{Forces conservatives}{chapter.4}% 35
\BOOKMARK [2][-]{subsection.4.4.1}{Energie Potentielle}{section.4.4}% 36
\BOOKMARK [2][-]{subsection.4.4.2}{Force de frottement fluide}{section.4.4}% 37
\BOOKMARK [2][-]{subsection.4.4.3}{Travail du poids}{section.4.4}% 38
\BOOKMARK [2][-]{subsection.4.4.4}{Energie potentielle}{section.4.4}% 39
\BOOKMARK [2][-]{subsection.4.4.5}{Exemples de calcul de Ep}{section.4.4}% 40
\BOOKMARK [2][-]{subsection.4.4.6}{force de frottement visqueux}{section.4.4}% 41
\BOOKMARK [1][-]{section.4.5}{Energie Mecanique}{chapter.4}% 42
\BOOKMARK [2][-]{subsection.4.5.1}{Th\351or\350me d'\351nergie m\351canique}{section.4.5}% 43
\BOOKMARK [2][-]{subsection.4.5.2}{Forme locale du theoreme d'\351nergie m\351canique}{section.4.5}% 44
\BOOKMARK [2][-]{subsection.4.5.3}{Applications Em en absence de frottement}{section.4.5}% 45
\BOOKMARK [1][-]{section.4.6}{Equilibre et stabilit\351s}{chapter.4}% 46
\BOOKMARK [2][-]{subsection.4.6.1}{Syst\350me conservatives}{section.4.6}% 47
\BOOKMARK [2][-]{subsection.4.6.2}{Syst\350me non conservatives}{section.4.6}% 48
\BOOKMARK [0][-]{chapter.5}{Oscillations}{}% 49
\BOOKMARK [1][-]{section.5.1}{Introduction}{chapter.5}% 50
\BOOKMARK [2][-]{subsection.5.1.1}{Equation du mouvement d'un ressort}{section.5.1}% 51
\BOOKMARK [2][-]{subsection.5.1.2}{Solution}{section.5.1}% 52
\BOOKMARK [2][-]{subsection.5.1.3}{Notation Complexe}{section.5.1}% 53
\BOOKMARK [2][-]{subsection.5.1.4}{Aspects \351nerg\351tique}{section.5.1}% 54
